#! /opt/homebrew/Cellar/icarus-verilog/12.0/bin/vvp
:ivl_version "12.0 (stable)";
:ivl_delay_selection "TYPICAL";
:vpi_time_precision + 0;
:vpi_module "/opt/homebrew/Cellar/icarus-verilog/12.0/lib/ivl/system.vpi";
:vpi_module "/opt/homebrew/Cellar/icarus-verilog/12.0/lib/ivl/vhdl_sys.vpi";
:vpi_module "/opt/homebrew/Cellar/icarus-verilog/12.0/lib/ivl/vhdl_textio.vpi";
:vpi_module "/opt/homebrew/Cellar/icarus-verilog/12.0/lib/ivl/v2005_math.vpi";
:vpi_module "/opt/homebrew/Cellar/icarus-verilog/12.0/lib/ivl/va_math.vpi";
S_0x14f005660 .scope module, "testbench" "testbench" 2 1;
 .timescale 0 0;
L_0x150078010 .functor BUFT 1, C4<00000000000000000000000000000000>, C4<0>, C4<0>, C4<0>;
v0x14f02bbe0_0 .net/2s *"_ivl_0", 31 0, L_0x150078010;  1 drivers
v0x14f02bc80_0 .var "a", 0 0;
v0x14f02bd20_0 .var "b", 0 0;
v0x14f02bdf0_0 .var "c", 0 0;
v0x14f02bec0_0 .net "cout", 0 0, L_0x14f02dde0;  1 drivers
v0x14f02bfd0_0 .var "d", 0 0;
v0x14f02c0a0_0 .var "p", 0 0;
v0x14f02c130_0 .var "q", 0 0;
v0x14f02c200_0 .var "r", 0 0;
v0x14f02c310_0 .var "s", 0 0;
v0x14f02c3e0_0 .net "s1", 0 0, L_0x14f02c790;  1 drivers
v0x14f02c4b0_0 .net "s2", 0 0, L_0x14f02ccf0;  1 drivers
v0x14f02c580_0 .net "s3", 0 0, L_0x14f02d2e0;  1 drivers
v0x14f02c650_0 .net "s4", 0 0, L_0x14f02d920;  1 drivers
L_0x14f02ded0 .part L_0x150078010, 0, 1;
S_0x14f0057d0 .scope begin, "$ivl_for_loop0" "$ivl_for_loop0" 2 10, 2 10 0, S_0x14f005660;
 .timescale 0 0;
v0x14f028320_0 .var/i "i", 31 0;
S_0x14f009e60 .scope begin, "$ivl_for_loop1" "$ivl_for_loop1" 2 12, 2 12 0, S_0x14f0057d0;
 .timescale 0 0;
v0x14f00aa20_0 .var/i "j", 31 0;
S_0x14f0283e0 .scope module, "l" "x" 2 7, 3 1 0, S_0x14f005660;
 .timescale 0 0;
    .port_info 0 /INPUT 1 "a";
    .port_info 1 /INPUT 1 "b";
    .port_info 2 /INPUT 1 "c";
    .port_info 3 /INPUT 1 "d";
    .port_info 4 /INPUT 1 "p";
    .port_info 5 /INPUT 1 "q";
    .port_info 6 /INPUT 1 "r";
    .port_info 7 /INPUT 1 "s";
    .port_info 8 /INPUT 1 "cin";
    .port_info 9 /OUTPUT 1 "cout";
    .port_info 10 /OUTPUT 1 "s1";
    .port_info 11 /OUTPUT 1 "s2";
    .port_info 12 /OUTPUT 1 "s3";
    .port_info 13 /OUTPUT 1 "s4";
v0x14f02af10_0 .net "a", 0 0, v0x14f02bc80_0;  1 drivers
v0x14f02afa0_0 .net "b", 0 0, v0x14f02bd20_0;  1 drivers
v0x14f02b030_0 .net "c", 0 0, v0x14f02bdf0_0;  1 drivers
v0x14f02b100_0 .net "cin", 0 0, L_0x14f02ded0;  1 drivers
v0x14f02b1b0_0 .net "cout", 0 0, L_0x14f02dde0;  alias, 1 drivers
v0x14f02b280_0 .net "d", 0 0, v0x14f02bfd0_0;  1 drivers
v0x14f02b330_0 .net "m1", 0 0, L_0x14f02cb90;  1 drivers
v0x14f02b400_0 .net "m2", 0 0, L_0x14f02d120;  1 drivers
v0x14f02b4d0_0 .net "m3", 0 0, L_0x14f02d7a0;  1 drivers
v0x14f02b5e0_0 .net "p", 0 0, v0x14f02c0a0_0;  1 drivers
v0x14f02b670_0 .net "q", 0 0, v0x14f02c130_0;  1 drivers
v0x14f02b700_0 .net "r", 0 0, v0x14f02c200_0;  1 drivers
v0x14f02b790_0 .net "s", 0 0, v0x14f02c310_0;  1 drivers
v0x14f02b840_0 .net "s1", 0 0, L_0x14f02c790;  alias, 1 drivers
v0x14f02b8f0_0 .net "s2", 0 0, L_0x14f02ccf0;  alias, 1 drivers
v0x14f02b9a0_0 .net "s3", 0 0, L_0x14f02d2e0;  alias, 1 drivers
v0x14f02ba30_0 .net "s4", 0 0, L_0x14f02d920;  alias, 1 drivers
S_0x14f028770 .scope module, "x1" "sum1" 3 9, 3 17 0, S_0x14f0283e0;
 .timescale 0 0;
    .port_info 0 /INPUT 1 "a";
    .port_info 1 /INPUT 1 "b";
    .port_info 2 /INPUT 1 "cin";
    .port_info 3 /OUTPUT 1 "sum";
    .port_info 4 /OUTPUT 1 "cout";
L_0x14f02c720 .functor XOR 1, v0x14f02bc80_0, v0x14f02c0a0_0, C4<0>, C4<0>;
L_0x14f02c790 .functor XOR 1, L_0x14f02c720, L_0x14f02ded0, C4<0>, C4<0>;
L_0x14f02c880 .functor AND 1, v0x14f02bc80_0, v0x14f02c0a0_0, C4<1>, C4<1>;
L_0x14f0285b0 .functor AND 1, v0x14f02c0a0_0, L_0x14f02ded0, C4<1>, C4<1>;
L_0x14f02c9f0 .functor OR 1, L_0x14f02c880, L_0x14f0285b0, C4<0>, C4<0>;
L_0x14f02caa0 .functor AND 1, L_0x14f02ded0, v0x14f02bc80_0, C4<1>, C4<1>;
L_0x14f02cb90 .functor OR 1, L_0x14f02c9f0, L_0x14f02caa0, C4<0>, C4<0>;
v0x14f0289e0_0 .net *"_ivl_0", 0 0, L_0x14f02c720;  1 drivers
v0x14f028a80_0 .net *"_ivl_10", 0 0, L_0x14f02caa0;  1 drivers
v0x14f028b30_0 .net *"_ivl_4", 0 0, L_0x14f02c880;  1 drivers
v0x14f028bf0_0 .net *"_ivl_6", 0 0, L_0x14f0285b0;  1 drivers
v0x14f028ca0_0 .net *"_ivl_8", 0 0, L_0x14f02c9f0;  1 drivers
v0x14f028d90_0 .net "a", 0 0, v0x14f02bc80_0;  alias, 1 drivers
v0x14f028e30_0 .net "b", 0 0, v0x14f02c0a0_0;  alias, 1 drivers
v0x14f028ed0_0 .net "cin", 0 0, L_0x14f02ded0;  alias, 1 drivers
v0x14f028f70_0 .net "cout", 0 0, L_0x14f02cb90;  alias, 1 drivers
v0x14f029080_0 .net "sum", 0 0, L_0x14f02c790;  alias, 1 drivers
S_0x14f029190 .scope module, "x2" "sum1" 3 10, 3 17 0, S_0x14f0283e0;
 .timescale 0 0;
    .port_info 0 /INPUT 1 "a";
    .port_info 1 /INPUT 1 "b";
    .port_info 2 /INPUT 1 "cin";
    .port_info 3 /OUTPUT 1 "sum";
    .port_info 4 /OUTPUT 1 "cout";
L_0x14f02cc80 .functor XOR 1, v0x14f02bd20_0, v0x14f02c130_0, C4<0>, C4<0>;
L_0x14f02ccf0 .functor XOR 1, L_0x14f02cc80, L_0x14f02cb90, C4<0>, C4<0>;
L_0x14f02ce20 .functor AND 1, v0x14f02bd20_0, v0x14f02c130_0, C4<1>, C4<1>;
L_0x14f02cf90 .functor AND 1, v0x14f02c130_0, L_0x14f02cb90, C4<1>, C4<1>;
L_0x14f02d000 .functor OR 1, L_0x14f02ce20, L_0x14f02cf90, C4<0>, C4<0>;
L_0x14f02d0b0 .functor AND 1, L_0x14f02cb90, v0x14f02bd20_0, C4<1>, C4<1>;
L_0x14f02d120 .functor OR 1, L_0x14f02d000, L_0x14f02d0b0, C4<0>, C4<0>;
v0x14f0293d0_0 .net *"_ivl_0", 0 0, L_0x14f02cc80;  1 drivers
v0x14f029460_0 .net *"_ivl_10", 0 0, L_0x14f02d0b0;  1 drivers
v0x14f029500_0 .net *"_ivl_4", 0 0, L_0x14f02ce20;  1 drivers
v0x14f0295c0_0 .net *"_ivl_6", 0 0, L_0x14f02cf90;  1 drivers
v0x14f029670_0 .net *"_ivl_8", 0 0, L_0x14f02d000;  1 drivers
v0x14f029760_0 .net "a", 0 0, v0x14f02bd20_0;  alias, 1 drivers
v0x14f029800_0 .net "b", 0 0, v0x14f02c130_0;  alias, 1 drivers
v0x14f0298a0_0 .net "cin", 0 0, L_0x14f02cb90;  alias, 1 drivers
v0x14f029930_0 .net "cout", 0 0, L_0x14f02d120;  alias, 1 drivers
v0x14f029a40_0 .net "sum", 0 0, L_0x14f02ccf0;  alias, 1 drivers
S_0x14f029b60 .scope module, "x3" "sum1" 3 11, 3 17 0, S_0x14f0283e0;
 .timescale 0 0;
    .port_info 0 /INPUT 1 "a";
    .port_info 1 /INPUT 1 "b";
    .port_info 2 /INPUT 1 "cin";
    .port_info 3 /OUTPUT 1 "sum";
    .port_info 4 /OUTPUT 1 "cout";
L_0x14f02d270 .functor XOR 1, v0x14f02bdf0_0, v0x14f02c200_0, C4<0>, C4<0>;
L_0x14f02d2e0 .functor XOR 1, L_0x14f02d270, L_0x14f02d120, C4<0>, C4<0>;
L_0x14f02d410 .functor AND 1, v0x14f02bdf0_0, v0x14f02c200_0, C4<1>, C4<1>;
L_0x14f02d5a0 .functor AND 1, v0x14f02c200_0, L_0x14f02d120, C4<1>, C4<1>;
L_0x14f02d610 .functor OR 1, L_0x14f02d410, L_0x14f02d5a0, C4<0>, C4<0>;
L_0x14f02d730 .functor AND 1, L_0x14f02d120, v0x14f02bdf0_0, C4<1>, C4<1>;
L_0x14f02d7a0 .functor OR 1, L_0x14f02d610, L_0x14f02d730, C4<0>, C4<0>;
v0x14f029da0_0 .net *"_ivl_0", 0 0, L_0x14f02d270;  1 drivers
v0x14f029e30_0 .net *"_ivl_10", 0 0, L_0x14f02d730;  1 drivers
v0x14f029ee0_0 .net *"_ivl_4", 0 0, L_0x14f02d410;  1 drivers
v0x14f029fa0_0 .net *"_ivl_6", 0 0, L_0x14f02d5a0;  1 drivers
v0x14f02a050_0 .net *"_ivl_8", 0 0, L_0x14f02d610;  1 drivers
v0x14f02a140_0 .net "a", 0 0, v0x14f02bdf0_0;  alias, 1 drivers
v0x14f02a1e0_0 .net "b", 0 0, v0x14f02c200_0;  alias, 1 drivers
v0x14f02a280_0 .net "cin", 0 0, L_0x14f02d120;  alias, 1 drivers
v0x14f02a310_0 .net "cout", 0 0, L_0x14f02d7a0;  alias, 1 drivers
v0x14f02a420_0 .net "sum", 0 0, L_0x14f02d2e0;  alias, 1 drivers
S_0x14f02a540 .scope module, "x4" "sum1" 3 12, 3 17 0, S_0x14f0283e0;
 .timescale 0 0;
    .port_info 0 /INPUT 1 "a";
    .port_info 1 /INPUT 1 "b";
    .port_info 2 /INPUT 1 "cin";
    .port_info 3 /OUTPUT 1 "sum";
    .port_info 4 /OUTPUT 1 "cout";
L_0x14f02d890 .functor XOR 1, v0x14f02bfd0_0, v0x14f02c310_0, C4<0>, C4<0>;
L_0x14f02d920 .functor XOR 1, L_0x14f02d890, L_0x14f02d7a0, C4<0>, C4<0>;
L_0x14f02da50 .functor AND 1, v0x14f02bfd0_0, v0x14f02c310_0, C4<1>, C4<1>;
L_0x14f02dbe0 .functor AND 1, v0x14f02c310_0, L_0x14f02d7a0, C4<1>, C4<1>;
L_0x14f02dc50 .functor OR 1, L_0x14f02da50, L_0x14f02dbe0, C4<0>, C4<0>;
L_0x14f02dd70 .functor AND 1, L_0x14f02d7a0, v0x14f02bfd0_0, C4<1>, C4<1>;
L_0x14f02dde0 .functor OR 1, L_0x14f02dc50, L_0x14f02dd70, C4<0>, C4<0>;
v0x14f02a780_0 .net *"_ivl_0", 0 0, L_0x14f02d890;  1 drivers
v0x14f02a810_0 .net *"_ivl_10", 0 0, L_0x14f02dd70;  1 drivers
v0x14f02a8b0_0 .net *"_ivl_4", 0 0, L_0x14f02da50;  1 drivers
v0x14f02a970_0 .net *"_ivl_6", 0 0, L_0x14f02dbe0;  1 drivers
v0x14f02aa20_0 .net *"_ivl_8", 0 0, L_0x14f02dc50;  1 drivers
v0x14f02ab10_0 .net "a", 0 0, v0x14f02bfd0_0;  alias, 1 drivers
v0x14f02abb0_0 .net "b", 0 0, v0x14f02c310_0;  alias, 1 drivers
v0x14f02ac50_0 .net "cin", 0 0, L_0x14f02d7a0;  alias, 1 drivers
v0x14f02ace0_0 .net "cout", 0 0, L_0x14f02dde0;  alias, 1 drivers
v0x14f02adf0_0 .net "sum", 0 0, L_0x14f02d920;  alias, 1 drivers
    .scope S_0x14f005660;
T_0 ;
    %fork t_1, S_0x14f0057d0;
    %jmp t_0;
    .scope S_0x14f0057d0;
t_1 ;
    %pushi/vec4 0, 0, 32;
    %store/vec4 v0x14f028320_0, 0, 32;
T_0.0 ;
    %load/vec4 v0x14f028320_0;
    %cmpi/s 16, 0, 32;
    %jmp/0xz T_0.1, 5;
    %load/vec4 v0x14f028320_0;
    %pad/s 4;
    %split/vec4 1;
    %store/vec4 v0x14f02bfd0_0, 0, 1;
    %split/vec4 1;
    %store/vec4 v0x14f02bdf0_0, 0, 1;
    %split/vec4 1;
    %store/vec4 v0x14f02bd20_0, 0, 1;
    %store/vec4 v0x14f02bc80_0, 0, 1;
    %fork t_3, S_0x14f009e60;
    %jmp t_2;
    .scope S_0x14f009e60;
t_3 ;
    %pushi/vec4 0, 0, 32;
    %store/vec4 v0x14f00aa20_0, 0, 32;
T_0.2 ;
    %load/vec4 v0x14f00aa20_0;
    %cmpi/s 16, 0, 32;
    %jmp/0xz T_0.3, 5;
    %load/vec4 v0x14f00aa20_0;
    %pad/s 4;
    %split/vec4 1;
    %store/vec4 v0x14f02c310_0, 0, 1;
    %split/vec4 1;
    %store/vec4 v0x14f02c200_0, 0, 1;
    %split/vec4 1;
    %store/vec4 v0x14f02c130_0, 0, 1;
    %store/vec4 v0x14f02c0a0_0, 0, 1;
    %delay 10, 0;
    %load/vec4 v0x14f00aa20_0;
    %addi 1, 0, 32;
    %store/vec4 v0x14f00aa20_0, 0, 32;
    %jmp T_0.2;
T_0.3 ;
    %end;
    .scope S_0x14f0057d0;
t_2 %join;
    %load/vec4 v0x14f028320_0;
    %addi 1, 0, 32;
    %store/vec4 v0x14f028320_0, 0, 32;
    %jmp T_0.0;
T_0.1 ;
    %end;
    .scope S_0x14f005660;
t_0 %join;
    %end;
    .thread T_0;
    .scope S_0x14f005660;
T_1 ;
    %vpi_call 2 21 "$monitor", "%b%b%b%b     %b%b%b%b    %b%b%b%b%b", v0x14f02bfd0_0, v0x14f02bdf0_0, v0x14f02bd20_0, v0x14f02bc80_0, v0x14f02c310_0, v0x14f02c200_0, v0x14f02c130_0, v0x14f02c0a0_0, v0x14f02bec0_0, v0x14f02c650_0, v0x14f02c580_0, v0x14f02c4b0_0, v0x14f02c3e0_0 {0 0 0};
    %end;
    .thread T_1;
# The file index is used to find the file name in the following table.
:file_names 4;
    "N/A";
    "<interactive>";
    "ad_tb.v";
    "ad.v";
